<?xml version="1.0" encoding="UTF-8"?>
<testng-results ignored="0" total="2" passed="2" failed="0" skipped="0">
  <reporter-output>
  </reporter-output>
  <suite started-at="2021-11-10T17:13:06 BRT" name="Default suite" finished-at="2021-11-10T17:13:06 BRT" duration-ms="43">
    <groups>
    </groups>
    <test started-at="2021-11-10T17:13:06 BRT" name="Default test" finished-at="2021-11-10T17:13:06 BRT" duration-ms="43">
      <class name="PrimeFactorsTest">
        <test-method signature="returnNoneFor1(java.lang.Object,java.lang.Object)[pri:0, instance:PrimeFactorsTest@355ce81c]" started-at="2021-11-10T17:13:06 BRT" name="returnNoneFor1" data-provider="data-provider" finished-at="2021-11-10T17:13:06 BRT" duration-ms="6" status="PASS">
          <params>
            <param index="0">
              <value>
                <![CDATA[[I@1349883]]>
              </value>
            </param>
            <param index="1">
              <value>
                <![CDATA[1]]>
              </value>
            </param>
          </params>
          <reporter-output>
          </reporter-output>
        </test-method> <!-- returnNoneFor1 -->
        <test-method signature="returnNoneFor1(java.lang.Object,java.lang.Object)[pri:0, instance:PrimeFactorsTest@355ce81c]" started-at="2021-11-10T17:13:06 BRT" name="returnNoneFor1" data-provider="data-provider" finished-at="2021-11-10T17:13:06 BRT" duration-ms="1" status="PASS">
          <params>
            <param index="0">
              <value>
                <![CDATA[2]]>
              </value>
            </param>
            <param index="1">
              <value>
                <![CDATA[2]]>
              </value>
            </param>
          </params>
          <reporter-output>
          </reporter-output>
        </test-method> <!-- returnNoneFor1 -->
      </class> <!-- PrimeFactorsTest -->
    </test> <!-- Default test -->
  </suite> <!-- Default suite -->
</testng-results>
