<?xml version="1.0" encoding="UTF-8"?>
<testng-results ignored="0" total="1" passed="1" failed="0" skipped="0">
  <reporter-output>
  </reporter-output>
  <suite started-at="2021-11-10T10:40:40 BRT" name="Default suite" finished-at="2021-11-10T10:40:40 BRT" duration-ms="52">
    <groups>
    </groups>
    <test started-at="2021-11-10T10:40:40 BRT" name="Default test" finished-at="2021-11-10T10:40:40 BRT" duration-ms="52">
      <class name="PrimeFactorsTest">
        <test-method signature="returnNoneFor1(java.lang.Object)[pri:0, instance:PrimeFactorsTest@29647f75]" started-at="2021-11-10T10:40:40 BRT" name="returnNoneFor1" data-provider="data-provider" finished-at="2021-11-10T10:40:40 BRT" duration-ms="7" status="PASS">
          <params>
            <param index="0">
              <value>
                <![CDATA[[I@1349883]]>
              </value>
            </param>
          </params>
          <reporter-output>
          </reporter-output>
        </test-method> <!-- returnNoneFor1 -->
      </class> <!-- PrimeFactorsTest -->
    </test> <!-- Default test -->
  </suite> <!-- Default suite -->
</testng-results>
