<?xml version="1.0" encoding="UTF-8"?>
<!-- Generated by org.testng.reporters.JUnitXMLReporter -->
<testsuite ignored="0" hostname="MacBook-Pro-de-Iaquine.local" failures="0" tests="3" name="Default test" time="0.038" errors="0" timestamp="2021-11-10T17:21:50 BRT">
  <testcase classname="PrimeFactorsTest" name="returnNoneFor1" time="0.006"/>
  <testcase classname="PrimeFactorsTest" name="returnNoneFor1" time="0.001"/>
  <testcase classname="PrimeFactorsTest" name="returnNoneFor1" time="0.0"/>
</testsuite> <!-- Default test -->
